<?xml version="1.0" encoding="UTF-8"?>
<!-- Generated by org.testng.reporters.JUnitReportReporter -->
<testsuite hostname="MacBook-Air" failures="0" tests="2" name="testCalculation.TestCalculator" time="0.004" errors="0" timestamp="2022-01-14T00:36:04 GMT-05:00" skipped="0">
  <testcase classname="testCalculation.TestCalculator" name="testAddition" time="0.004"/>
  <system-out/>
  <testcase classname="testCalculation.TestCalculator" name="testSubtraction" time="0.000"/>
  <system-out/>
</testsuite> <!-- testCalculation.TestCalculator -->
