<?xml version="1.0" encoding="UTF-8"?>
<!-- Generated by org.testng.reporters.JUnitReportReporter -->
<testsuite skipped="0" hostname="MacBook-Air" name="nyphome.NYPLandingPage" tests="1" failures="0" timestamp="2022-01-19T22:31:03 EST" time="26.282" errors="0">
  <testcase name="getHomePage" time="26.282" classname="nyphome.NYPLandingPage"/>
  <system-out/>
</testsuite> <!-- nyphome.NYPLandingPage -->
